<?xml version="1.0" encoding="utf-8" standalone="no"?>
<test-run id="2" testcasecount="1" result="Failed" total="1" passed="0" failed="1" inconclusive="0" skipped="0" asserts="0" engine-version="3.6.0.0" clr-version="4.0.30319.42000" start-time="2017-03-07 07:18:53Z" end-time="2017-03-07 07:18:59Z" duration="5.633584">
  <command-line><![CDATA["C:\Program Files (x86)\NUnit.org\nunit-console\nunit3-console.exe" "C:\Users\Mrwav\Documents\Visual Studio 2015\Projects\AppiumTest\AppiumTest\bin\Debug\AppiumTest.dll"]]></command-line>
  <test-suite type="Assembly" id="0-1002" name="AppiumTest.dll" fullname="C:\Users\Mrwav\Documents\Visual Studio 2015\Projects\AppiumTest\AppiumTest\bin\Debug\AppiumTest.dll" runstate="Runnable" testcasecount="1" result="Failed" site="Child" start-time="2017-03-07 07:18:54Z" end-time="2017-03-07 07:18:59Z" duration="5.093650" total="1" passed="0" failed="1" warnings="0" inconclusive="0" skipped="0" asserts="0">
    <environment framework-version="3.6.1.0" clr-version="4.0.30319.42000" os-version="Microsoft Windows NT 10.0.14393.0" platform="Win32NT" cwd="C:\Users\Mrwav\Documents\Visual Studio 2015\Projects\AppiumTest\AppiumTest\bin\x64\Debug" machine-name="DESKTOP-VHLN772" user="Mrwav" user-domain="DESKTOP-VHLN772" culture="en-US" uiculture="en-US" os-architecture="x64" />
    <settings>
      <setting name="DisposeRunners" value="True" />
      <setting name="WorkDirectory" value="C:\Users\Mrwav\Documents\Visual Studio 2015\Projects\AppiumTest\AppiumTest\bin\x64\Debug" />
      <setting name="ImageRuntimeVersion" value="4.0.30319" />
      <setting name="ImageTargetFrameworkName" value=".NETFramework,Version=v4.5.2" />
      <setting name="ImageRequiresX86" value="False" />
      <setting name="ImageRequiresDefaultAppDomainAssemblyResolver" value="False" />
      <setting name="NumberOfTestWorkers" value="12" />
    </settings>
    <properties>
      <property name="_PID" value="10576" />
      <property name="_APPDOMAIN" value="domain-" />
    </properties>
    <failure>
      <message><![CDATA[One or more child tests had errors]]></message>
    </failure>
    <test-suite type="TestSuite" id="0-1003" name="AppiumTest" fullname="AppiumTest" runstate="Runnable" testcasecount="1" result="Failed" site="Child" start-time="2017-03-07 07:18:54Z" end-time="2017-03-07 07:18:59Z" duration="5.059885" total="1" passed="0" failed="1" warnings="0" inconclusive="0" skipped="0" asserts="0">
      <failure>
        <message><![CDATA[One or more child tests had errors]]></message>
      </failure>
      <test-suite type="TestFixture" id="0-1000" name="Program+ProgramTest" fullname="AppiumTest.Program+ProgramTest" classname="AppiumTest.Program+ProgramTest" runstate="Runnable" testcasecount="1" result="Failed" site="Child" start-time="2017-03-07 07:18:54Z" end-time="2017-03-07 07:18:59Z" duration="5.054828" total="1" passed="0" failed="1" warnings="0" inconclusive="0" skipped="0" asserts="0">
        <failure>
          <message><![CDATA[One or more child tests had errors]]></message>
        </failure>
        <test-case id="0-1001" name="AppiumDriverMethodsTestCase" fullname="AppiumTest.Program+ProgramTest.AppiumDriverMethodsTestCase" methodname="AppiumDriverMethodsTestCase" classname="AppiumTest.Program+ProgramTest" runstate="Runnable" seed="1450812077" result="Failed" label="Error" start-time="2017-03-07 07:18:58Z" end-time="2017-03-07 07:18:58Z" duration="0.025674" asserts="0">
          <failure>
            <message><![CDATA[System.NotImplementedException : Invalid locator strategy: css selector]]></message>
            <stack-trace><![CDATA[   at OpenQA.Selenium.Remote.RemoteWebDriver.UnpackAndThrowOnError(Response errorResponse)
   at OpenQA.Selenium.Remote.RemoteWebDriver.Execute(String driverCommandToExecute, Dictionary`2 parameters)
   at OpenQA.Selenium.Remote.RemoteWebDriver.FindElement(String mechanism, String value)
   at OpenQA.Selenium.Appium.AppiumDriver`1.FindElement(By by)
   at AppiumTest.Program.ProgramTest.AppiumDriverMethodsTestCase() in C:\Users\Mrwav\documents\visual studio 2015\Projects\AppiumTest\AppiumTest\Program.cs:line 65]]></stack-trace>
          </failure>
        </test-case>
      </test-suite>
    </test-suite>
  </test-suite>
</test-run>